<?xml version="1.0" encoding="UTF-8"?>
<!-- Generated by org.testng.reporters.JUnitReportReporter -->
<testsuite skipped="1" hostname="sudheer-VirtualBox" name="com.POF_AddressBook_Scripts.EditConactTest" tests="1" failures="0" timestamp="29 Mar 2019 06:59:25 GMT" time="0.000" errors="0">
  <testcase name="editcontact" time="0.000" classname="com.POF_AddressBook_Scripts.EditConactTest">
    <skipped/>
  </testcase> <!-- editcontact -->
</testsuite> <!-- com.POF_AddressBook_Scripts.EditConactTest -->
