<?xml version="1.0" encoding="UTF-8"?>
<!-- Generated by org.testng.reporters.JUnitReportReporter -->
<testsuite skipped="0" hostname="sudheer-VirtualBox" name="com.POF_AddressBook_Scripts.EditConactTest" tests="1" failures="0" timestamp="02 Apr 2019 05:48:35 GMT" time="19.797" errors="0">
  <testcase name="editcontact" time="19.797" classname="com.POF_AddressBook_Scripts.EditConactTest"/>
</testsuite> <!-- com.POF_AddressBook_Scripts.EditConactTest -->
