<?xml version="1.0" encoding="UTF-8"?>
<!-- Generated by org.testng.reporters.JUnitReportReporter -->
<testsuite skipped="7" hostname="sudheer-VirtualBox" name="com.POF_AddressBook_Scripts.AddContactTest" tests="7" failures="0" timestamp="29 Mar 2019 06:59:25 GMT" time="0.000" errors="0">
  <testcase name="CancelAddcontact" time="0.000" classname="com.POF_AddressBook_Scripts.AddContactTest">
    <skipped/>
  </testcase> <!-- CancelAddcontact -->
  <testcase name="Addcontacttest1" time="0.000" classname="com.POF_AddressBook_Scripts.AddContactTest">
    <skipped/>
  </testcase> <!-- Addcontacttest1 -->
  <testcase name="Addcontacttest3" time="0.000" classname="com.POF_AddressBook_Scripts.AddContactTest">
    <skipped/>
  </testcase> <!-- Addcontacttest3 -->
  <testcase name="Addcontacttestemailformat" time="0.000" classname="com.POF_AddressBook_Scripts.AddContactTest">
    <skipped/>
  </testcase> <!-- Addcontacttestemailformat -->
  <testcase name="Addcontacttest2" time="0.000" classname="com.POF_AddressBook_Scripts.AddContactTest">
    <skipped/>
  </testcase> <!-- Addcontacttest2 -->
  <testcase name="Addcontacttestempty" time="0.000" classname="com.POF_AddressBook_Scripts.AddContactTest">
    <skipped/>
  </testcase> <!-- Addcontacttestempty -->
  <testcase name="Addcontactdobformat" time="0.000" classname="com.POF_AddressBook_Scripts.AddContactTest">
    <skipped/>
  </testcase> <!-- Addcontactdobformat -->
</testsuite> <!-- com.POF_AddressBook_Scripts.AddContactTest -->
